\BOOKMARK [1][-]{section.1}{\376\377\137\025\212\000}{}% 1
\BOOKMARK [1][-]{section.2}{\376\377\173\046\123\367\213\364\146\016}{}% 2
\BOOKMARK [1][-]{section.3}{\376\377\116\000\176\364\150\007\221\317}{}% 3
\BOOKMARK [2][-]{subsection.3.1}{\376\377\143\247\122\066\145\271\172\013}{section.3}% 4
\BOOKMARK [2][-]{subsection.3.2}{\376\377\172\172\225\364\171\273\145\143\150\074\137\017}{section.3}% 5
\BOOKMARK [1][-]{section.4}{\376\377\116\000\176\364\124\021\221\317}{}% 6
\BOOKMARK [1][-]{section.5}{\376\377\116\214\176\364\124\021\221\317}{}% 7
\BOOKMARK [2][-]{subsection.5.1}{\376\377\143\247\122\066\145\271\172\013}{section.5}% 8
\BOOKMARK [2][-]{subsection.5.2}{\376\377\172\172\225\364\171\273\145\143\150\074\137\017}{section.5}% 9
\BOOKMARK [1][-]{section.6}{\376\377\143\007\171\072\133\120}{}% 10
\BOOKMARK [2][-]{subsection.6.1}{\376\377\000T\000V\000B\143\007\171\072\133\120}{section.6}% 11
\BOOKMARK [2][-]{subsection.6.2}{\376\377\000K\000X\000R\000C\000F\143\007\171\072\133\120}{section.6}% 12
\BOOKMARK [1][-]{section.7}{\376\377\226\120\122\066\126\150}{}% 13
\BOOKMARK [2][-]{subsection.7.1}{\376\377\000T\000V\000B\226\120\122\066\126\150}{section.7}% 14
\BOOKMARK [2][-]{subsection.7.2}{\376\377\000W\000E\000N\000O\000-\000J\000S\226\120\122\066\126\150}{section.7}% 15
\BOOKMARK [2][-]{subsection.7.3}{\376\377\000W\000E\000N\000O\000-\000M}{section.7}% 16
\BOOKMARK [2][-]{subsection.7.4}{\376\377\000W\000E\000N\000O\000-\000Z}{section.7}% 17
\BOOKMARK [2][-]{subsection.7.5}{\376\377\000M\000R\000-\000W\000E\000N\000O\226\120\122\066\126\150}{section.7}% 18
\BOOKMARK [1][-]{section.8}{\376\377\117\335\147\201\120\074\226\120\122\066\126\150}{}% 19
\BOOKMARK [1][-]{appendix.A}{\376\377\217\271\165\114\147\141\116\366}{}% 20
\BOOKMARK [2][-]{subsection.A.1}{\376\377\124\150\147\037\140\047\217\271\165\114\147\141\116\366}{appendix.A}% 21
\BOOKMARK [2][-]{subsection.A.2}{\376\377\121\257\213\372\117\235\146\374\217\271\165\114\147\141\116\366}{appendix.A}% 22
\BOOKMARK [1][-]{appendix.B}{\376\377\145\160\133\146\173\046\123\367}{}% 23
\BOOKMARK [2][-]{subsection.B.1}{\376\377\145\143\136\246}{appendix.B}% 24
\BOOKMARK [2][-]{subsection.B.2}{\376\377\150\257\136\246}{appendix.B}% 25
\BOOKMARK [2][-]{subsection.B.3}{\376\377\203\003\145\160}{appendix.B}% 26
\BOOKMARK [1][-]{appendix.C}{\376\377\143\247\122\066\145\271\172\013}{}% 27
\BOOKMARK [2][-]{subsection.C.1}{\376\377\116\000\176\364\145\271\172\013}{appendix.C}% 28
\BOOKMARK [3][-]{subsubsection.C.1.1}{\376\377\153\047\142\311\145\271\172\013}{subsection.C.1}% 29
\BOOKMARK [2][-]{subsection.C.2}{\376\377\116\214\176\364\145\271\172\013}{appendix.C}% 30
\BOOKMARK [3][-]{subsubsection.C.2.1}{\376\377\153\047\142\311\145\271\172\013}{subsection.C.2}% 31
\BOOKMARK [1][-]{appendix.D}{\376\377\127\372\121\375\145\160\121\375\145\160}{}% 32
\BOOKMARK [2][-]{subsection.D.1}{\376\377\116\000\176\364}{appendix.D}% 33
\BOOKMARK [2][-]{subsection.D.2}{\376\377\116\214\176\364}{appendix.D}% 34
\BOOKMARK [1][-]{appendix.E}{\376\377\237\231\150\074\136\223\130\124\154\325}{}% 35
\BOOKMARK [2][-]{subsection.E.1}{\376\377\000s\000s\000p\000\040\116\214\226\066\237\231\150\074\136\223\130\124\154\325}{appendix.E}% 36
\BOOKMARK [2][-]{subsection.E.2}{\376\377\000s\000s\000p\000\040\116\011\226\066\237\231\150\074\136\223\130\124\154\325}{appendix.E}% 37
\BOOKMARK [2][-]{subsection.E.3}{\376\377\116\011\226\066\237\231\150\074\136\223\130\124\154\325}{appendix.E}% 38
\BOOKMARK [2][-]{subsection.E.4}{\376\377\126\333\226\066\237\231\150\074\136\223\130\124\154\325}{appendix.E}% 39
\BOOKMARK [1][-]{appendix.F}{\376\377\145\160\120\074\171\357\122\006}{}% 40
\BOOKMARK [1][-]{appendix.G}{\376\377\213\241\173\227\174\276\136\246}{}% 41
